{"/home/enma/proyectos/fullstack-open2023/part5/bloglist-frontend/src/components/Blog.jsx": {"path":"/home/enma/proyectos/fullstack-open2023/part5/bloglist-frontend/src/components/Blog.jsx","statementMap":{"0":{"start":{"line":3,"column":13},"end":{"line":42,"column":1}},"1":{"start":{"line":4,"column":20},"end":{"line":10,"column":3}},"2":{"start":{"line":11,"column":26},"end":{"line":11,"column":41}},"3":{"start":{"line":13,"column":4},"end":{"line":13,"column":18}},"4":{"start":{"line":15,"column":2},"end":{"line":41,"column":3}},"5":{"start":{"line":30,"column":35},"end":{"line":30,"column":52}},"6":{"start":{"line":35,"column":37},"end":{"line":35,"column":55}}},"fnMap":{"0":{"name":"(anonymous_0)","decl":{"start":{"line":3,"column":13},"end":{"line":3,"column":14}},"loc":{"start":{"line":3,"column":60},"end":{"line":42,"column":1}},"line":3},"1":{"name":"toggleView","decl":{"start":{"line":12,"column":11},"end":{"line":12,"column":21}},"loc":{"start":{"line":12,"column":24},"end":{"line":14,"column":3}},"line":12},"2":{"name":"(anonymous_2)","decl":{"start":{"line":30,"column":29},"end":{"line":30,"column":30}},"loc":{"start":{"line":30,"column":35},"end":{"line":30,"column":52}},"line":30},"3":{"name":"(anonymous_3)","decl":{"start":{"line":35,"column":31},"end":{"line":35,"column":32}},"loc":{"start":{"line":35,"column":37},"end":{"line":35,"column":55}},"line":35}},"branchMap":{"0":{"loc":{"start":{"line":17,"column":7},"end":{"line":39,"column":7}},"type":"cond-expr","locations":[{"start":{"line":18,"column":8},"end":{"line":20,"column":11}},{"start":{"line":22,"column":8},"end":{"line":38,"column":11}}],"line":17},"1":{"loc":{"start":{"line":33,"column":11},"end":{"line":37,"column":11}},"type":"binary-expr","locations":[{"start":{"line":33,"column":11},"end":{"line":33,"column":48}},{"start":{"line":34,"column":12},"end":{"line":36,"column":18}}],"line":33}},"s":{"0":1,"1":1,"2":1,"3":0,"4":1,"5":0,"6":0},"f":{"0":1,"1":0,"2":0,"3":0},"b":{"0":[1,0],"1":[0,0]},"_coverageSchema":"1a1c01bbd47fc00a2c39e90264f33305004495a9","hash":"8f47d86aa3e3ee10796cc14c209e983d7f423c80"}
}
